<?xml version="1.0" encoding="utf-8"?><testsuites name="pytest tests"><testsuite name="pytest" errors="0" failures="0" skipped="0" tests="7" time="2.477" timestamp="2026-07-16T07:33:18.909131+00:00" hostname="agent-env-e3d32c26-36af-4f65-a771-4183f6cd210e"><testcase classname="tests.backend_test.TestValidation" name="test_missing_native_state" time="0.301" /><testcase classname="tests.backend_test.TestApplicationCreate" name="test_create_valid_application" time="0.307" /><testcase classname="tests.backend_test.TestValidation" name="test_invalid_email" time="0.087" /><testcase classname="tests.backend_test.TestApplicationCreate" name="test_persisted_in_mongo_via_list" time="0.056" /><testcase classname="tests.backend_test.TestHealth" name="test_health_ok" time="0.083" /><testcase classname="tests.backend_test.TestValidation" name="test_contact_number_too_short" time="0.048" /><testcase classname="tests.backend_test.TestOptionalField" name="test_omit_career_gap" time="0.089" /></testsuite></testsuites>